# JRE version: Java(TM) SE Runtime Environment (8.0_11-b12) (build 1.8.0_11-b12)
# Java VM: Java HotSpot(TM) 64-Bit Server VM (25.11-b03 mixed mode windows-amd64 compressed oops)
Heap:
 PSYoungGen      total 117248K, used 90134K [0x00000000e0000000, 0x00000000e9300000, 0x0000000100000000)
  eden space 86016K, 100% used [0x00000000e0000000,0x00000000e5400000,0x00000000e5400000)
  from space 31232K, 13% used [0x00000000e7480000,0x00000000e7885880,0x00000000e9300000)
  to   space 32256K, 0% used [0x00000000e5400000,0x00000000e5400000,0x00000000e7380000)
 ParOldGen       total 54272K, used 53850K [0x00000000a0000000, 0x00000000a3500000, 0x00000000e0000000)
  object space 54272K, 99% used [0x00000000a0000000,0x00000000a34968e0,0x00000000a3500000)
 Metaspace       used 67118K, capacity 70236K, committed 70400K, reserved 1110016K
  class space    used 9122K, capacity 9723K, committed 9728K, reserved 1048576K
GC Heap History (10 events):
Event: 595.791 GC heap after
Heap after GC invocations=49 (full 8):
 PSYoungGen      total 113664K, used 12944K [0x00000000e0000000, 0x00000000e9500000, 0x0000000100000000)
  eden space 77824K, 0% used [0x00000000e0000000,0x00000000e0000000,0x00000000e4c00000)
  from space 35840K, 36% used [0x00000000e4c00000,0x00000000e58a4010,0x00000000e6f00000)
  to   space 34816K, 0% used [0x00000000e7300000,0x00000000e7300000,0x00000000e9500000)
 ParOldGen       total 54272K, used 43534K [0x00000000a0000000, 0x00000000a3500000, 0x00000000e0000000)
  object space 54272K, 80% used [0x00000000a0000000,0x00000000a2a83b98,0x00000000a3500000)
 Metaspace       used 61637K, capacity 64512K, committed 64640K, reserved 1105920K
  class space    used 8450K, capacity 9043K, committed 9088K, reserved 1048576K
}
Event: 1283.198 GC heap before
{Heap before GC invocations=50 (full 8):
 PSYoungGen      total 113664K, used 90768K [0x00000000e0000000, 0x00000000e9500000, 0x0000000100000000)
  eden space 77824K, 100% used [0x00000000e0000000,0x00000000e4c00000,0x00000000e4c00000)
  from space 35840K, 36% used [0x00000000e4c00000,0x00000000e58a4010,0x00000000e6f00000)
  to   space 34816K, 0% used [0x00000000e7300000,0x00000000e7300000,0x00000000e9500000)
 ParOldGen       total 54272K, used 43534K [0x00000000a0000000, 0x00000000a3500000, 0x00000000e0000000)
  object space 54272K, 80% used [0x00000000a0000000,0x00000000a2a83b98,0x00000000a3500000)
 Metaspace       used 61724K, capacity 64664K, committed 64896K, reserved 1105920K
  class space    used 8459K, capacity 9051K, committed 9088K, reserved 1048576K
Event: 1283.234 GC heap after
Heap after GC invocations=50 (full 8):
 PSYoungGen      total 114688K, used 11344K [0x00000000e0000000, 0x00000000e9300000, 0x0000000100000000)
  eden space 81920K, 0% used [0x00000000e0000000,0x00000000e0000000,0x00000000e5000000)
  from space 32768K, 34% used [0x00000000e7300000,0x00000000e7e14010,0x00000000e9300000)
  to   space 34304K, 0% used [0x00000000e5000000,0x00000000e5000000,0x00000000e7180000)
 ParOldGen       total 54272K, used 44870K [0x00000000a0000000, 0x00000000a3500000, 0x00000000e0000000)
  object space 54272K, 82% used [0x00000000a0000000,0x00000000a2bd1b98,0x00000000a3500000)
 Metaspace       used 61724K, capacity 64664K, committed 64896K, reserved 1105920K
  class space    used 8459K, capacity 9051K, committed 9088K, reserved 1048576K
}
Event: 1286.106 GC heap before
{Heap before GC invocations=51 (full 8):
 PSYoungGen      total 114688K, used 93264K [0x00000000e0000000, 0x00000000e9300000, 0x0000000100000000)
  eden space 81920K, 100% used [0x00000000e0000000,0x00000000e5000000,0x00000000e5000000)
  from space 32768K, 34% used [0x00000000e7300000,0x00000000e7e14010,0x00000000e9300000)
  to   space 34304K, 0% used [0x00000000e5000000,0x00000000e5000000,0x00000000e7180000)
 ParOldGen       total 54272K, used 44870K [0x00000000a0000000, 0x00000000a3500000, 0x00000000e0000000)
  object space 54272K, 82% used [0x00000000a0000000,0x00000000a2bd1b98,0x00000000a3500000)
 Metaspace       used 61863K, capacity 64882K, committed 64896K, reserved 1105920K
  class space    used 8474K, capacity 9074K, committed 9088K, reserved 1048576K
Event: 1286.187 GC heap after
Heap after GC invocations=51 (full 8):
 PSYoungGen      total 116224K, used 11072K [0x00000000e0000000, 0x00000000e9500000, 0x0000000100000000)
  eden space 81920K, 0% used [0x00000000e0000000,0x00000000e0000000,0x00000000e5000000)
  from space 34304K, 32% used [0x00000000e5000000,0x00000000e5ad0020,0x00000000e7180000)
  to   space 33280K, 0% used [0x00000000e7480000,0x00000000e7480000,0x00000000e9500000)
 ParOldGen       total 54272K, used 48587K [0x00000000a0000000, 0x00000000a3500000, 0x00000000e0000000)
  object space 54272K, 89% used [0x00000000a0000000,0x00000000a2f72e98,0x00000000a3500000)
 Metaspace       used 61863K, capacity 64882K, committed 64896K, reserved 1105920K
  class space    used 8474K, capacity 9074K, committed 9088K, reserved 1048576K
}
Event: 1292.042 GC heap before
{Heap before GC invocations=52 (full 8):
 PSYoungGen      total 116224K, used 92227K [0x00000000e0000000, 0x00000000e9500000, 0x0000000100000000)
  eden space 81920K, 99% used [0x00000000e0000000,0x00000000e4f40de8,0x00000000e5000000)
  from space 34304K, 32% used [0x00000000e5000000,0x00000000e5ad0020,0x00000000e7180000)
  to   space 33280K, 0% used [0x00000000e7480000,0x00000000e7480000,0x00000000e9500000)
 ParOldGen       total 54272K, used 48587K [0x00000000a0000000, 0x00000000a3500000, 0x00000000e0000000)
  object space 54272K, 89% used [0x00000000a0000000,0x00000000a2f72e98,0x00000000a3500000)
 Metaspace       used 66940K, capacity 69970K, committed 70144K, reserved 1110016K
  class space    used 9101K, capacity 9696K, committed 9728K, reserved 1048576K
Event: 1292.102 GC heap after
Heap after GC invocations=52 (full 8):
 PSYoungGen      total 117248K, used 12380K [0x00000000e0000000, 0x00000000e9300000, 0x0000000100000000)
  eden space 86016K, 0% used [0x00000000e0000000,0x00000000e0000000,0x00000000e5400000)
  from space 31232K, 39% used [0x00000000e7480000,0x00000000e8097250,0x00000000e9300000)
  to   space 32256K, 0% used [0x00000000e5400000,0x00000000e5400000,0x00000000e7380000)
 ParOldGen       total 54272K, used 48811K [0x00000000a0000000, 0x00000000a3500000, 0x00000000e0000000)
  object space 54272K, 89% used [0x00000000a0000000,0x00000000a2faae98,0x00000000a3500000)
 Metaspace       used 66940K, capacity 69970K, committed 70144K, reserved 1110016K
  class space    used 9101K, capacity 9696K, committed 9728K, reserved 1048576K
}
Event: 1292.102 GC heap before
{Heap before GC invocations=53 (full 9):
 PSYoungGen      total 117248K, used 12380K [0x00000000e0000000, 0x00000000e9300000, 0x0000000100000000)
  eden space 86016K, 0% used [0x00000000e0000000,0x00000000e0000000,0x00000000e5400000)
  from space 31232K, 39% used [0x00000000e7480000,0x00000000e8097250,0x00000000e9300000)
  to   space 32256K, 0% used [0x00000000e5400000,0x00000000e5400000,0x00000000e7380000)
 ParOldGen       total 54272K, used 48811K [0x00000000a0000000, 0x00000000a3500000, 0x00000000e0000000)
  object space 54272K, 89% used [0x00000000a0000000,0x00000000a2faae98,0x00000000a3500000)
 Metaspace       used 66940K, capacity 69970K, committed 70144K, reserved 1110016K
  class space    used 9101K, capacity 9696K, committed 9728K, reserved 1048576K
Event: 1293.806 GC heap after
Heap after GC invocations=53 (full 9):
 PSYoungGen      total 117248K, used 4118K [0x00000000e0000000, 0x00000000e9300000, 0x0000000100000000)
  eden space 86016K, 0% used [0x00000000e0000000,0x00000000e0000000,0x00000000e5400000)
  from space 31232K, 13% used [0x00000000e7480000,0x00000000e7885880,0x00000000e9300000)
  to   space 32256K, 0% used [0x00000000e5400000,0x00000000e5400000,0x00000000e7380000)
 ParOldGen       total 54272K, used 53850K [0x00000000a0000000, 0x00000000a3500000, 0x00000000e0000000)
  object space 54272K, 99% used [0x00000000a0000000,0x00000000a34968e0,0x00000000a3500000)
 Metaspace       used 66940K, capacity 69970K, committed 70144K, reserved 1110016K
  class space    used 9101K, capacity 9696K, committed 9728K, reserved 1048576K
}
Event: 2189.602 GC heap before
{Heap before GC invocations=54 (full 10):
 PSYoungGen      total 117248K, used 90134K [0x00000000e0000000, 0x00000000e9300000, 0x0000000100000000)
  eden space 86016K, 100% used [0x00000000e0000000,0x00000000e5400000,0x00000000e5400000)
  from space 31232K, 13% used [0x00000000e7480000,0x00000000e7885880,0x00000000e9300000)
  to   space 32256K, 0% used [0x00000000e5400000,0x00000000e5400000,0x00000000e7380000)
 ParOldGen       total 54272K, used 53850K [0x00000000a0000000, 0x00000000a3500000, 0x00000000e0000000)
  object space 54272K, 99% used [0x00000000a0000000,0x00000000a34968e0,0x00000000a3500000)
 Metaspace       used 67118K, capacity 70236K, committed 70400K, reserved 1110016K
  class space    used 9122K, capacity 9723K, committed 9728K, reserved 1048576K

